c:\users\rafae\desktop\fabamaq desafio\challenge_gamedev_mariofernandes\debug\vc142.pdb
c:\users\rafae\desktop\fabamaq desafio\challenge_gamedev_mariofernandes\debug\vc142.idb
c:\users\rafae\desktop\fabamaq desafio\challenge_gamedev_mariofernandes\debug\text.obj
c:\users\rafae\desktop\fabamaq desafio\challenge_gamedev_mariofernandes\debug\input.obj
c:\users\rafae\desktop\fabamaq desafio\challenge_gamedev_mariofernandes\debug\main.obj
c:\users\rafae\desktop\fabamaq desafio\challenge_gamedev_mariofernandes\debug\aplication.obj
c:\users\rafae\desktop\fabamaq desafio\challenge_gamedev_mariofernandes\debug\challenge_gamedev_mariofernandes.pdb
c:\users\rafae\desktop\fabamaq desafio\challenge_gamedev_mariofernandes\debug\challeng.8de8f680.tlog\cl.command.1.tlog
c:\users\rafae\desktop\fabamaq desafio\challenge_gamedev_mariofernandes\debug\challeng.8de8f680.tlog\cl.read.1.tlog
c:\users\rafae\desktop\fabamaq desafio\challenge_gamedev_mariofernandes\debug\challeng.8de8f680.tlog\cl.write.1.tlog
c:\users\rafae\desktop\fabamaq desafio\challenge_gamedev_mariofernandes\debug\challeng.8de8f680.tlog\link-cvtres.read.1.tlog
c:\users\rafae\desktop\fabamaq desafio\challenge_gamedev_mariofernandes\debug\challeng.8de8f680.tlog\link-cvtres.write.1.tlog
c:\users\rafae\desktop\fabamaq desafio\challenge_gamedev_mariofernandes\debug\challeng.8de8f680.tlog\link-rc.read.1.tlog
c:\users\rafae\desktop\fabamaq desafio\challenge_gamedev_mariofernandes\debug\challeng.8de8f680.tlog\link-rc.write.1.tlog
c:\users\rafae\desktop\fabamaq desafio\challenge_gamedev_mariofernandes\debug\challeng.8de8f680.tlog\link.10424-cvtres.read.1.tlog
c:\users\rafae\desktop\fabamaq desafio\challenge_gamedev_mariofernandes\debug\challeng.8de8f680.tlog\link.10424-cvtres.write.1.tlog
c:\users\rafae\desktop\fabamaq desafio\challenge_gamedev_mariofernandes\debug\challeng.8de8f680.tlog\link.10424-rc.read.1.tlog
c:\users\rafae\desktop\fabamaq desafio\challenge_gamedev_mariofernandes\debug\challeng.8de8f680.tlog\link.10424-rc.write.1.tlog
c:\users\rafae\desktop\fabamaq desafio\challenge_gamedev_mariofernandes\debug\challeng.8de8f680.tlog\link.10424.read.1.tlog
c:\users\rafae\desktop\fabamaq desafio\challenge_gamedev_mariofernandes\debug\challeng.8de8f680.tlog\link.10424.write.1.tlog
c:\users\rafae\desktop\fabamaq desafio\challenge_gamedev_mariofernandes\debug\challeng.8de8f680.tlog\link.command.1.tlog
c:\users\rafae\desktop\fabamaq desafio\challenge_gamedev_mariofernandes\debug\challeng.8de8f680.tlog\link.read.1.tlog
c:\users\rafae\desktop\fabamaq desafio\challenge_gamedev_mariofernandes\debug\challeng.8de8f680.tlog\link.write.1.tlog
